INFO  07:14:08 Application started. Press Ctrl+C to shut down.
INFO  07:14:08 Hosting environment: Development
INFO  07:14:08 Content root path: D:\CartAPI\CartAPI
INFO  07:14:30  Http Get  Details request
INFO  10:30:40 Application started. Press Ctrl+C to shut down.
INFO  10:30:40 Hosting environment: Development
INFO  10:30:40 Content root path: C:\Users\Administrator.KANINI-LTP-459\Downloads\flowerproj api\CartAPI\CartAPI
INFO  10:30:51  cart detail by 101 is invokedt
INFO  10:31:10  cart detail by 103 is invokedt
INFO  10:47:10 Application started. Press Ctrl+C to shut down.
INFO  10:47:10 Hosting environment: Development
INFO  10:47:10 Content root path: C:\Users\Administrator.KANINI-LTP-459\Downloads\flowerproj api\CartAPI\CartAPI
INFO  11:45:23  cart detail by 105 is invokedt
INFO  11:45:29  cart detail by 105 is invokedt
INFO  11:46:14  cart detail by 105 is invokedt
INFO  11:46:39  Add item to csrt is invoked
INFO  11:46:39  cart detail by 105 is invokedt
INFO  11:50:33  Add item to csrt is invoked
INFO  11:50:33  cart detail by 105 is invokedt
INFO  11:51:44 Application started. Press Ctrl+C to shut down.
INFO  11:51:44 Hosting environment: Development
INFO  11:51:44 Content root path: C:\Users\Administrator.KANINI-LTP-459\Downloads\flowerproj api\CartAPI\CartAPI
INFO  11:53:18  Add item to csrt is invoked
INFO  11:53:20  cart detail by 105 is invokedt
INFO  11:56:54 Application started. Press Ctrl+C to shut down.
INFO  11:56:54 Hosting environment: Development
INFO  11:56:54 Content root path: C:\Users\Administrator.KANINI-LTP-459\Downloads\flowerproj api\CartAPI\CartAPI
INFO  11:57:27 Application started. Press Ctrl+C to shut down.
INFO  11:57:27 Hosting environment: Development
INFO  11:57:27 Content root path: C:\Users\Administrator.KANINI-LTP-459\Downloads\flowerproj api\CartAPI\CartAPI
INFO  11:58:04  Add item to csrt is invoked
INFO  11:58:06  cart detail by 105 is invokedt
INFO  11:58:11  cart detail by 211 is invokedt
INFO  11:58:13 delete cart  by custmer id & flower id 00 is invoked
INFO  11:58:13  cart detail by 105 is invokedt
INFO  12:00:25 Application started. Press Ctrl+C to shut down.
INFO  12:00:25 Hosting environment: Development
INFO  12:00:25 Content root path: C:\Users\Administrator.KANINI-LTP-459\Downloads\flowerproj api\CartAPI\CartAPI
INFO  12:02:16  cart detail by 105 is invokedt
INFO  12:02:20  cart detail by 211 is invokedt
INFO  12:02:22 delete cart  by custmer id & flower id 211 is invoked
INFO  12:02:22  cart detail by 105 is invokedt
INFO  12:02:30  Add item to csrt is invoked
INFO  12:02:30  cart detail by 105 is invokedt
INFO  12:02:32  cart detail by 212 is invokedt
INFO  12:02:37  update item to csrt by id 212is invoked
INFO  12:05:23  cart detail by 105 is invokedt
INFO  12:08:59  Add item to csrt is invoked
INFO  12:08:59  cart detail by 105 is invokedt
INFO  12:09:00  cart detail by 213 is invokedt
INFO  12:09:04  update item to csrt by id 213is invoked
INFO  05:26:19 Application started. Press Ctrl+C to shut down.
INFO  05:26:19 Hosting environment: Development
INFO  05:26:19 Content root path: C:\Users\Administrator\Documents\Project\flowerstore-v2-main\CartAPI\CartAPI
INFO  05:59:48  Add item to csrt is invoked
INFO  05:59:50  cart detail by 101 is invokedt
INFO  06:00:00  cart detail by 200 is invokedt
INFO  06:00:05  update item to csrt by id 200is invoked
INFO  11:45:40  Add item to csrt is invoked
INFO  11:45:40  cart detail by 103 is invokedt
INFO  11:45:44  cart detail by 201 is invokedt
INFO  11:46:03  update item to csrt by id 201is invoked
INFO  11:47:46  cart detail by 103 is invokedt
INFO  12:16:44 Application started. Press Ctrl+C to shut down.
INFO  12:16:44 Hosting environment: Development
INFO  12:16:44 Content root path: C:\Users\Administrator\Documents\Project\flowerstore-v2-main\CartAPI\CartAPI
INFO  12:16:57  cart detail by 100 is invokedt
INFO  12:23:57 Application started. Press Ctrl+C to shut down.
INFO  12:23:58 Hosting environment: Development
INFO  12:23:58 Content root path: C:\Users\Administrator\Documents\Project\flowerstore-v2-main\CartAPI\CartAPI
INFO  12:24:22  cart detail by 101 is invokedt
INFO  12:24:40  cart detail by 103 is invokedt
INFO  12:27:30 Application started. Press Ctrl+C to shut down.
INFO  12:27:30 Hosting environment: Development
INFO  12:27:30 Content root path: C:\Users\Administrator\Documents\Project\flowerstore-v2-main\CartAPI\CartAPI
INFO  12:27:46  cart detail by 101 is invokedt
INFO  12:28:05 Application started. Press Ctrl+C to shut down.
INFO  12:28:05 Hosting environment: Development
INFO  12:28:05 Content root path: C:\Users\Administrator\Documents\Project\flowerstore-v2-main\CartAPI\CartAPI
INFO  12:28:14  cart detail by 103 is invokedt
INFO  12:29:23  cart detail by 103 is invokedt
INFO  12:29:31  cart detail by 103 is invokedt
INFO  12:29:55  cart detail by 103 is invokedt
INFO  12:32:15 Application started. Press Ctrl+C to shut down.
INFO  12:32:15 Hosting environment: Development
INFO  12:32:15 Content root path: C:\Users\Administrator\Documents\Project\flowerstore-v2-main\CartAPI\CartAPI
INFO  12:32:23  cart detail by 101 is invokedt
INFO  12:35:19 Application started. Press Ctrl+C to shut down.
INFO  12:35:19 Hosting environment: Development
INFO  12:35:19 Content root path: C:\Users\Administrator\Documents\Project\flowerstore-v2-main\CartAPI\CartAPI
INFO  12:35:36  cart detail by 200 is invokedt
INFO  01:13:47  cart detail by 200 is invokedt
INFO  01:19:05  cart detail by 200 is invokedt
INFO  01:19:13  cart detail by 200 is invokedt
INFO  01:28:37  cart detail by 200 is invokedt
INFO  01:31:20  cart detail by 200 is invokedt
INFO  01:32:15  cart detail by 200 is invokedt
INFO  01:32:38  cart detail by 200 is invokedt
INFO  01:32:39  cart detail by 200 is invokedt
INFO  01:33:36  cart detail by 200 is invokedt
INFO  09:23:17  cart detail by 200 is invokedt
INFO  09:23:21  cart detail by 200 is invokedt
INFO  09:46:40  cart detail by 103 is invokedt
INFO  09:48:52  cart detail by 103 is invokedt
INFO  09:51:18  cart detail by 201 is invokedt
INFO  09:51:35  cart detail by 103 is invokedt
INFO  09:54:11  cart detail by 201 is invokedt
INFO  09:54:16  cart detail by 103 is invokedt
INFO  09:58:42  cart detail by 103 is invokedt
INFO  09:58:45  cart detail by 202 is invokedt
INFO  09:58:48  cart detail by 203 is invokedt
INFO  10:00:04 delete cart  by custmer id & flower id 10000 is invoked
INFO  10:03:17  cart detail by 103 is invokedt
INFO  10:03:22 delete cart  by custmer id & flower id 202 is invoked
INFO  10:03:27  cart detail by 103 is invokedt
INFO  10:03:28  cart detail by 103 is invokedt
INFO  10:03:30  cart detail by 203 is invokedt
INFO  10:53:34  cart detail by 103 is invokedt
INFO  10:53:43 delete cart  by custmer id & flower id 203 is invoked
INFO  10:53:50  cart detail by 103 is invokedt
INFO  10:56:06  cart detail by 103 is invokedt
INFO  10:56:29  cart detail by 103 is invokedt
INFO  10:57:27  cart detail by 103 is invokedt
INFO  11:00:13  cart detail by 103 is invokedt
INFO  11:00:15  cart detail by 204 is invokedt
INFO  11:00:21 delete cart  by custmer id & flower id 204 is invoked
INFO  11:00:28  cart detail by 103 is invokedt
INFO  11:07:48  cart detail by 103 is invokedt
INFO  11:07:49  cart detail by 205 is invokedt
INFO  11:15:10  cart detail by 205 is invokedt
INFO  11:15:23  cart detail by 103 is invokedt
INFO  11:15:25  cart detail by 205 is invokedt
INFO  11:17:52  cart detail by 103 is invokedt
INFO  11:17:53  cart detail by 205 is invokedt
INFO  11:20:18  cart detail by 103 is invokedt
INFO  11:20:19  cart detail by 205 is invokedt
INFO  11:42:16  cart detail by 205 is invokedt
INFO  11:42:41  cart detail by 201 is invokedt
INFO  11:42:46  cart detail by 103 is invokedt
INFO  11:42:48  cart detail by 205 is invokedt
INFO  11:50:56  cart detail by 103 is invokedt
INFO  11:50:58  cart detail by 205 is invokedt
INFO  11:52:04  cart detail by 205 is invokedt
INFO  11:53:00  cart detail by 205 is invokedt
INFO  11:54:07  cart detail by 205 is invokedt
INFO  11:55:24  cart detail by 205 is invokedt
INFO  11:55:38  cart detail by 205 is invokedt
INFO  12:04:26  cart detail by 205 is invokedt
INFO  12:05:37  cart detail by 103 is invokedt
INFO  12:05:39  cart detail by 205 is invokedt
INFO  12:05:41 delete cart  by custmer id & flower id 205 is invoked
INFO  12:05:47  cart detail by 103 is invokedt
INFO  12:14:30  cart detail by 103 is invokedt
INFO  12:14:32  cart detail by 103 is invokedt
INFO  12:17:31  cart detail by 103 is invokedt
INFO  12:19:27  cart detail by 103 is invokedt
INFO  12:24:41  cart detail by 103 is invokedt
INFO  12:29:11  cart detail by 103 is invokedt
INFO  12:35:42  cart detail by 103 is invokedt
INFO  12:38:00  cart detail by 103 is invokedt
INFO  12:38:59  cart detail by 103 is invokedt
INFO  12:40:09  cart detail by 103 is invokedt
INFO  12:40:59  cart detail by 103 is invokedt
INFO  12:41:38  cart detail by 103 is invokedt
INFO  12:43:11  cart detail by 103 is invokedt
INFO  12:51:32  cart detail by 103 is invokedt
INFO  12:53:13  cart detail by 103 is invokedt
INFO  12:58:18  cart detail by 103 is invokedt
INFO  01:00:38  cart detail by 103 is invokedt
INFO  01:02:33  cart detail by 103 is invokedt
INFO  01:03:44  cart detail by 101 is invokedt
INFO  01:05:07  cart detail by 101 is invokedt
INFO  01:08:25  cart detail by 101 is invokedt
INFO  01:09:07  cart detail by 101 is invokedt
INFO  01:12:17  cart detail by 101 is invokedt
INFO  01:50:05  cart detail by 101 is invokedt
INFO  01:50:34  cart detail by 101 is invokedt
INFO  01:51:07  cart detail by 101 is invokedt
INFO  01:51:24  cart detail by 208 is invokedt
INFO  01:51:29 delete cart  by custmer id & flower id 208 is invoked
INFO  01:51:36  cart detail by 101 is invokedt
INFO  04:27:11  update item to csrt by id 10is invoked
INFO  05:08:36  cart detail by 101 is invokedt
INFO  05:09:00  cart detail by 209 is invokedt
INFO  05:12:27  cart detail by 209 is invokedt
INFO  05:12:43  cart detail by 101 is invokedt
INFO  05:12:45  cart detail by 209 is invokedt
INFO  05:13:19  cart detail by 209 is invokedt
INFO  05:13:42  update item to csrt by id 209is invoked
INFO  05:16:55  cart detail by 209 is invokedt
INFO  05:17:04  update item to csrt by id 209is invoked
INFO  05:22:15  cart detail by 101 is invokedt
INFO  05:22:17  cart detail by 210 is invokedt
INFO  05:24:06  cart detail by 210 is invokedt
INFO  05:24:58  cart detail by 101 is invokedt
INFO  05:25:04  cart detail by 210 is invokedt
INFO  05:25:20  update item to csrt by id 210is invoked
INFO  05:27:51  cart detail by 210 is invokedt
INFO  05:30:39  update item to csrt by id 210is invoked
INFO  05:33:44  cart detail by 210 is invokedt
INFO  05:33:54  cart detail by 101 is invokedt
INFO  05:33:56  cart detail by 101 is invokedt
INFO  05:38:35  cart detail by 101 is invokedt
INFO  05:38:39  cart detail by 103 is invokedt
INFO  05:38:45  cart detail by 206 is invokedt
INFO  05:38:57  update item to csrt by id 206is invoked
INFO  05:39:10  cart detail by 103 is invokedt
INFO  05:41:48  cart detail by 103 is invokedt
INFO  05:41:49  cart detail by 207 is invokedt
INFO  05:41:58  update item to csrt by id 207is invoked
INFO  05:42:43  cart detail by 207 is invokedt
INFO  05:43:44  cart detail by 103 is invokedt
INFO  05:43:54  cart detail by 211 is invokedt
INFO  05:44:02  update item to csrt by id 211is invoked
INFO  05:45:57  cart detail by 211 is invokedt
INFO  05:46:52  cart detail by 211 is invokedt
INFO  05:47:10  cart detail by 211 is invokedt
INFO  05:47:43  cart detail by 103 is invokedt
INFO  05:47:44  cart detail by 212 is invokedt
INFO  05:47:55  update item to csrt by id 212is invoked
INFO  05:50:44  cart detail by 212 is invokedt
INFO  09:56:13 Application started. Press Ctrl+C to shut down.
INFO  09:56:13 Hosting environment: Development
INFO  09:56:13 Content root path: C:\Users\Administrator\Documents\Project\flowerstore-v2-main\CartAPI\CartAPI
INFO  09:57:25  cart detail by 101 is invokedt
INFO  09:57:30  cart detail by 103 is invokedt
INFO  09:57:59  cart detail by 103 is invokedt
INFO  09:58:13  cart detail by 213 is invokedt
INFO  10:12:31  cart detail by 103 is invokedt
INFO  10:12:32  cart detail by 213 is invokedt
INFO  10:26:57  cart detail by 103 is invokedt
INFO  10:36:59  cart detail by 103 is invokedt
INFO  10:37:01  cart detail by 213 is invokedt
INFO  10:37:15  cart detail by 103 is invokedt
INFO  10:37:16  cart detail by 213 is invokedt
INFO  10:38:15  cart detail by 213 is invokedt
INFO  10:38:24  cart detail by 103 is invokedt
INFO  10:39:38  cart detail by 103 is invokedt
INFO  10:43:19  cart detail by 103 is invokedt
INFO  10:43:22  cart detail by 213 is invokedt
INFO  10:43:46  cart detail by 213 is invokedt
INFO  10:45:09  cart detail by 213 is invokedt
INFO  10:45:16  cart detail by 213 is invokedt
INFO  10:45:32  cart detail by 213 is invokedt
INFO  10:45:36  cart detail by 213 is invokedt
INFO  10:45:55  cart detail by 213 is invokedt
INFO  10:46:21  cart detail by 213 is invokedt
INFO  10:46:45  cart detail by 213 is invokedt
INFO  10:48:31  cart detail by 213 is invokedt
INFO  10:49:13  cart detail by 213 is invokedt
INFO  10:49:38  cart detail by 213 is invokedt
INFO  10:50:05  cart detail by 213 is invokedt
INFO  10:50:13  cart detail by 213 is invokedt
INFO  10:51:07  cart detail by 213 is invokedt
INFO  10:51:21  cart detail by 213 is invokedt
INFO  10:51:30  update item to csrt by id 213is invoked
INFO  10:52:39  cart detail by 213 is invokedt
INFO  10:53:03  cart detail by 213 is invokedt
INFO  10:53:32  cart detail by 213 is invokedt
INFO  11:20:56  cart detail by 213 is invokedt
INFO  11:21:34  cart detail by 213 is invokedt
INFO  11:22:20  cart detail by 103 is invokedt
INFO  11:22:23  cart detail by 214 is invokedt
INFO  11:24:03  cart detail by 214 is invokedt
INFO  11:24:18  update item to csrt by id 214is invoked
INFO  11:24:47  cart detail by 103 is invokedt
INFO  11:25:11  cart detail by 103 is invokedt
INFO  11:25:38  cart detail by 103 is invokedt
INFO  12:45:00  cart detail by 103 is invokedt
INFO  12:53:36  cart detail by 103 is invokedt
INFO  12:56:25  cart detail by 103 is invokedt
INFO  12:56:27  cart detail by 215 is invokedt
INFO  12:56:44  cart detail by 215 is invokedt
INFO  12:56:50  cart detail by 103 is invokedt
INFO  12:58:05  cart detail by 103 is invokedt
INFO  12:59:49  cart detail by 103 is invokedt
INFO  12:59:51  cart detail by 215 is invokedt
INFO  01:00:33  cart detail by 103 is invokedt
INFO  01:00:35  cart detail by 215 is invokedt
INFO  01:00:42  cart detail by 103 is invokedt
INFO  01:00:44  cart detail by 215 is invokedt
INFO  01:02:38  cart detail by 215 is invokedt
INFO  01:02:45  cart detail by 103 is invokedt
INFO  01:02:47  cart detail by 215 is invokedt
INFO  01:03:12  cart detail by 103 is invokedt
INFO  01:03:15  cart detail by 215 is invokedt
INFO  01:03:32  cart detail by 215 is invokedt
INFO  01:03:39  cart detail by 103 is invokedt
INFO  01:03:40  cart detail by 215 is invokedt
INFO  01:03:58  cart detail by 215 is invokedt
INFO  01:09:50  cart detail by 215 is invokedt
INFO  01:10:11  cart detail by 215 is invokedt
INFO  01:10:55  cart detail by 215 is invokedt
INFO  01:11:13  cart detail by 215 is invokedt
INFO  01:42:53  cart detail by 101 is invokedt
INFO  01:43:01  cart detail by 103 is invokedt
INFO  01:43:03  cart detail by 215 is invokedt
INFO  01:43:05 delete cart  by custmer id & flower id 215 is invoked
INFO  05:16:01  Add item to csrt is invoked
INFO  05:16:01  cart detail by 101 is invokedt
INFO  05:18:02  cart detail by 101 is invokedt
INFO  05:19:34  cart detail by 101 is invokedt
INFO  05:19:42  cart detail by 101 is invokedt
INFO  05:27:12  cart detail by 101 is invokedt
INFO  05:38:24  Add item to csrt is invoked
INFO  05:38:24  cart detail by 104 is invokedt
INFO  05:38:33  cart detail by 217 is invokedt
INFO  05:42:12  cart detail by 217 is invokedt
INFO  05:45:45  cart detail by 217 is invokedt
INFO  05:45:55  update item to csrt by id 217is invoked
INFO  05:50:23  cart detail by 104 is invokedt
INFO  05:51:54  Add item to csrt is invoked
INFO  05:51:54  cart detail by 101 is invokedt
INFO  05:51:56  cart detail by 216 is invokedt
INFO  05:53:10  cart detail by 216 is invokedt
INFO  05:55:56  cart detail by 216 is invokedt
INFO  05:56:03  cart detail by 216 is invokedt
INFO  05:57:24  cart detail by 216 is invokedt
INFO  05:57:29  cart detail by 216 is invokedt
INFO  05:57:45  cart detail by 216 is invokedt
INFO  05:57:54  cart detail by 216 is invokedt
INFO  05:59:08  cart detail by 216 is invokedt
INFO  05:59:19  cart detail by 216 is invokedt
INFO  05:59:32  cart detail by 216 is invokedt
INFO  06:00:00  update item to csrt by id 216is invoked
INFO  11:09:45  cart detail by 101 is invokedt
INFO  11:26:53  cart detail by 101 is invokedt
INFO  11:27:19  cart detail by 101 is invokedt
INFO  11:29:44  Add item to csrt is invoked
INFO  11:29:44  cart detail by 101 is invokedt
INFO  11:29:47  cart detail by 219 is invokedt
INFO  11:29:55  update item to csrt by id 219is invoked
INFO  11:31:15  cart detail by 219 is invokedt
INFO  11:31:16  cart detail by 101 is invokedt
INFO  11:36:30  Add item to csrt is invoked
INFO  11:36:30  cart detail by 101 is invokedt
INFO  11:38:34  cart detail by 101 is invokedt
INFO  11:39:02  Add item to csrt is invoked
INFO  11:39:02  cart detail by 101 is invokedt
INFO  09:22:34  Add item to csrt is invoked
INFO  09:22:34  cart detail by 106 is invokedt
INFO  09:22:46  cart detail by 222 is invokedt
INFO  09:22:55  update item to csrt by id 222is invoked
INFO  09:23:04  cart detail by 106 is invokedt
INFO  09:27:10  cart detail by 106 is invokedt
INFO  09:27:13  cart detail by 106 is invokedt
INFO  09:27:19  cart detail by 106 is invokedt
INFO  09:27:45  cart detail by 106 is invokedt
INFO  09:28:17  cart detail by 106 is invokedt
INFO  09:28:25  cart detail by 106 is invokedt
INFO  09:30:58  cart detail by 106 is invokedt
INFO  09:31:31  cart detail by 106 is invokedt
INFO  09:32:02  cart detail by 106 is invokedt
INFO  09:32:56  cart detail by 106 is invokedt
INFO  09:33:15  cart detail by 106 is invokedt
INFO  09:33:50  cart detail by 106 is invokedt
INFO  09:34:01  Add item to csrt is invoked
INFO  09:34:01  cart detail by 106 is invokedt
INFO  09:34:06  cart detail by 223 is invokedt
INFO  09:34:11  update item to csrt by id 223is invoked
INFO  09:34:16  cart detail by 106 is invokedt
INFO  09:29:32  Add item to csrt is invoked
INFO  09:29:33  cart detail by 104 is invokedt
INFO  09:29:37  cart detail by 224 is invokedt
INFO  09:29:48  update item to csrt by id 224is invoked
INFO  09:29:56  cart detail by 104 is invokedt
INFO  09:32:41  cart detail by 107 is invokedt
INFO  09:32:54  cart detail by 107 is invokedt
INFO  11:01:49  cart detail by 107 is invokedt
INFO  11:25:14  Add item to csrt is invoked
INFO  11:25:14  cart detail by 101 is invokedt
INFO  11:41:13 Application started. Press Ctrl+C to shut down.
INFO  11:41:13 Hosting environment: Development
INFO  11:41:13 Content root path: C:\Users\Administrator\Documents\Project\flowerstore-v2-main\CartAPI\CartAPI
INFO  11:53:43  Add item to csrt is invoked
INFO  11:53:44  cart detail by 103 is invokedt
INFO  11:53:48  cart detail by 226 is invokedt
INFO  11:53:54  update item to csrt by id 226is invoked
INFO  11:58:38  Add item to csrt is invoked
INFO  11:58:38  cart detail by 103 is invokedt
